2023.09.01 20:29:34 INFO  Started: Metals version 1.0.1 in folders '/Users/zahrakhodamoradi/snakegameC' for client Visual Studio Code 1.81.1.
Sep 01, 2023 8:29:35 PM org.flywaydb.core.internal.license.VersionPrinter printVersionOnly
INFO: Flyway Community Edition 9.21.2 by Redgate
Sep 01, 2023 8:29:35 PM org.flywaydb.core.internal.license.VersionPrinter printVersion
INFO: See release notes here: https://rd.gt/416ObMi
Sep 01, 2023 8:29:35 PM org.flywaydb.core.internal.license.VersionPrinter printVersion
INFO: 
Sep 01, 2023 8:29:35 PM org.flywaydb.core.FlywayExecutor execute
INFO: Database: jdbc:h2:file:/Users/zahrakhodamoradi/snakegameC/.metals/metals (H2 2.1)
Sep 01, 2023 8:29:35 PM org.flywaydb.core.internal.schemahistory.JdbcTableSchemaHistory allAppliedMigrations
INFO: Schema history table "PUBLIC"."flyway_schema_history" does not exist yet
Sep 01, 2023 8:29:35 PM org.flywaydb.core.internal.command.DbValidate validate
INFO: Successfully validated 4 migrations (execution time 00:00.006s)
Sep 01, 2023 8:29:35 PM org.flywaydb.core.internal.schemahistory.JdbcTableSchemaHistory create
INFO: Creating Schema History table "PUBLIC"."flyway_schema_history" ...
Sep 01, 2023 8:29:35 PM org.flywaydb.core.internal.command.DbMigrate migrateGroup
INFO: Current version of schema "PUBLIC": << Empty Schema >>
Sep 01, 2023 8:29:35 PM org.flywaydb.core.internal.command.DbMigrate doMigrateGroup
INFO: Migrating schema "PUBLIC" to version "1 - Create tables"
Sep 01, 2023 8:29:35 PM org.flywaydb.core.internal.command.DbMigrate doMigrateGroup
INFO: Migrating schema "PUBLIC" to version "2 - Server discovery"
Sep 01, 2023 8:29:35 PM org.flywaydb.core.internal.command.DbMigrate doMigrateGroup
INFO: Migrating schema "PUBLIC" to version "3 - Jar symbols"
Sep 01, 2023 8:29:35 PM org.flywaydb.core.internal.command.DbMigrate doMigrateGroup
INFO: Migrating schema "PUBLIC" to version "4 - Fingerprints"
Sep 01, 2023 8:29:35 PM org.flywaydb.core.internal.command.DbMigrate logSummary
INFO: Successfully applied 4 migrations to schema "PUBLIC", now at version v4 (execution time 00:00.009s)
2023.09.01 20:29:35 INFO  time: initialize in 0.31s
2023.09.01 20:29:36 WARN  Build server is not auto-connectable.
2023.09.01 20:29:36 WARN  no build tool detected in workspace '/Users/zahrakhodamoradi/snakegameC'. The most common cause for this problem is that the editor was opened in the wrong working directory, for example if you use sbt then the workspace directory should contain build.sbt. 
